2019-03-27 09:16:48,002 [main] INFO  com.roy.SpringbootApplication:50 - Starting SpringbootApplication on XMLENG562 with PID 6696 (started by royl in C:\Users\royl\Desktop\work\git\mygit\a new work\XLOnlinexam)
2019-03-27 09:16:48,018 [main] DEBUG com.roy.SpringbootApplication:53 - Running with Spring Boot v2.1.0.RELEASE, Spring v5.1.2.RELEASE
2019-03-27 09:16:48,018 [main] INFO  com.roy.SpringbootApplication:675 - No active profile set, falling back to default profiles: default
2019-03-27 09:16:51,904 [main] ERROR org.apache.catalina.core.AprLifecycleListener:173 - An incompatible version [1.1.32] of the APR based Apache Tomcat Native library is installed, while Tomcat requires version [1.2.14]
2019-03-27 09:16:52,170 [main] INFO  o.s.boot.web.embedded.tomcat.TomcatWebServer:90 - Tomcat initialized with port(s): 8080 (http)
2019-03-27 09:16:52,211 [main] ERROR org.apache.catalina.core.AprLifecycleListener:173 - An incompatible version [1.1.32] of the APR based Apache Tomcat Native library is installed, while Tomcat requires version [1.2.14]
2019-03-27 09:16:52,211 [main] INFO  org.apache.coyote.http11.Http11NioProtocol:173 - Initializing ProtocolHandler ["http-nio-8080"]
2019-03-27 09:16:52,226 [main] INFO  org.apache.catalina.core.StandardService:173 - Starting service [Tomcat]
2019-03-27 09:16:52,227 [main] INFO  org.apache.catalina.core.StandardEngine:173 - Starting Servlet Engine: Apache Tomcat/9.0.12
2019-03-27 09:16:52,243 [main] ERROR org.apache.catalina.core.AprLifecycleListener:173 - An incompatible version [1.1.32] of the APR based Apache Tomcat Native library is installed, while Tomcat requires version [1.2.14]
2019-03-27 09:16:52,725 [main] INFO  o.a.c.core.ContainerBase.[Tomcat].[localhost].[/]:173 - Initializing Spring embedded WebApplicationContext
2019-03-27 09:16:52,726 [main] INFO  org.springframework.web.context.ContextLoader:285 - Root WebApplicationContext: initialization completed in 4476 ms
2019-03-27 09:16:52,886 [main] INFO  o.s.boot.web.servlet.FilterRegistrationBean:248 - Mapping filter: 'characterEncodingFilter' to: [/*]
2019-03-27 09:16:52,887 [main] INFO  o.s.b.w.s.DelegatingFilterProxyRegistrationBean:248 - Mapping filter: 'springSecurityFilterChain' to: [/*]
2019-03-27 09:16:52,887 [main] INFO  o.s.boot.web.servlet.FilterRegistrationBean:261 - Mapping filter: 'webStatFilter' to urls: [/*]
2019-03-27 09:16:52,888 [main] INFO  o.s.boot.web.servlet.FilterRegistrationBean:248 - Mapping filter: 'resourceUrlEncodingFilter' to: [/*]
2019-03-27 09:16:52,888 [main] INFO  o.s.boot.web.servlet.ServletRegistrationBean:186 - Servlet dispatcherServlet mapped to [/]
2019-03-27 09:16:52,890 [main] INFO  o.s.boot.web.servlet.ServletRegistrationBean:186 - Servlet statViewServlet mapped to [/druid/*]
2019-03-27 09:16:52,891 [main] INFO  o.s.boot.web.servlet.ServletRegistrationBean:186 - Servlet imageValidController mapped to [/]
2019-03-27 09:16:53,277 [main] INFO  c.a.d.s.b.a.DruidDataSourceAutoConfigure:56 - Init DruidDataSource
2019-03-27 09:16:53,932 [main] INFO  com.alibaba.druid.pool.DruidDataSource:930 - {dataSource-1} inited
2019-03-27 09:16:56,394 [main] INFO  o.s.security.web.DefaultSecurityFilterChain:43 - Creating filter chain: Ant [pattern='/login.ftl'], []
2019-03-27 09:16:56,394 [main] INFO  o.s.security.web.DefaultSecurityFilterChain:43 - Creating filter chain: Ant [pattern='/static/**'], []
2019-03-27 09:16:56,395 [main] INFO  o.s.security.web.DefaultSecurityFilterChain:43 - Creating filter chain: Ant [pattern='/loginController/tologin'], []
2019-03-27 09:16:56,460 [main] INFO  o.s.security.web.DefaultSecurityFilterChain:43 - Creating filter chain: any request, [org.springframework.security.web.context.request.async.WebAsyncManagerIntegrationFilter@337a6d30, org.springframework.security.web.context.SecurityContextPersistenceFilter@7e34b127, org.springframework.security.web.header.HeaderWriterFilter@64b70f41, org.springframework.security.web.authentication.logout.LogoutFilter@59fc6d05, org.springframework.security.web.authentication.UsernamePasswordAuthenticationFilter@4342c13, org.springframework.security.web.savedrequest.RequestCacheAwareFilter@60cb1ed6, org.springframework.security.web.servletapi.SecurityContextHolderAwareRequestFilter@7f79edee, org.springframework.security.web.authentication.rememberme.RememberMeAuthenticationFilter@5f0bab7e, org.springframework.security.web.authentication.AnonymousAuthenticationFilter@2921a36a, org.springframework.security.web.session.SessionManagementFilter@39941489, org.springframework.security.web.access.ExceptionTranslationFilter@3a4aadf8, org.springframework.security.web.access.intercept.FilterSecurityInterceptor@740b6628]
2019-03-27 09:16:56,640 [main] INFO  org.apache.coyote.http11.Http11NioProtocol:173 - Starting ProtocolHandler ["http-nio-8080"]
2019-03-27 09:16:56,656 [main] INFO  org.apache.tomcat.util.net.NioSelectorPool:173 - Using a shared selector for servlet write/read
2019-03-27 09:16:56,686 [main] INFO  o.s.boot.web.embedded.tomcat.TomcatWebServer:204 - Tomcat started on port(s): 8080 (http) with context path ''
2019-03-27 09:16:56,692 [main] INFO  com.roy.SpringbootApplication:59 - Started SpringbootApplication in 9.353 seconds (JVM running for 11.029)
2019-03-27 09:17:54,939 [http-nio-8080-exec-10] INFO  o.a.c.core.ContainerBase.[Tomcat].[localhost].[/]:173 - Initializing Spring DispatcherServlet 'dispatcherServlet'
2019-03-27 09:17:54,939 [http-nio-8080-exec-10] INFO  org.springframework.web.servlet.DispatcherServlet:521 - Initializing Servlet 'dispatcherServlet'
2019-03-27 09:17:54,955 [http-nio-8080-exec-10] INFO  org.springframework.web.servlet.DispatcherServlet:543 - Completed initialization in 16 ms
